<?xml version="1.0" encoding="utf-8"?><testsuites><testsuite name="pytest" errors="0" failures="0" skipped="0" tests="1" time="1.219" timestamp="2024-03-05T12:43:12.160218" hostname="jtp00139"><testcase classname="tests.test_login" name="test_login_success_reqres" file="tests/test_login.py" line="2" time="1.160" /></testsuite></testsuites>